[30m2022-11-24 09:35:41,618[0;39m INFO [background-preinit]: HV000001: Hibernate Validator 6.1.6.Final
[30m2022-11-24 09:35:41,621[0;39m INFO [restartedMain]: Starting OthAppServerApplication.App using Java 11.0.16 on ken-MacBook-Pro.local with PID 58297 (/Users/ken/Documents/oth-app-server-master/build/classes/kotlin/main started by ken in /Users/ken/.gradle/daemon/6.7)
[30m2022-11-24 09:35:41,621[0;39m INFO [restartedMain]: No active profile set, falling back to default profiles: default
[30m2022-11-24 09:35:41,652[0;39m INFO [restartedMain]: Devtools property defaults active! Set 'spring.devtools.add-properties' to 'false' to disable
[30m2022-11-24 09:35:41,652[0;39m INFO [restartedMain]: For additional web related logging consider setting the 'logging.level.web' property to 'DEBUG'
[30m2022-11-24 09:35:42,717[0;39m INFO [restartedMain]: Tomcat initialized with port(s): 8080 (http)
[30m2022-11-24 09:35:42,814[0;39m INFO [restartedMain]: Initializing ProtocolHandler ["http-nio-8080"]
[30m2022-11-24 09:35:42,821[0;39m INFO [restartedMain]: Starting service [Tomcat]
[30m2022-11-24 09:35:42,821[0;39m INFO [restartedMain]: Starting Servlet engine: [Apache Tomcat/9.0.41]
[30m2022-11-24 09:35:42,867[0;39m INFO [restartedMain]: Initializing Spring embedded WebApplicationContext
[30m2022-11-24 09:35:42,867[0;39m INFO [restartedMain]: Root WebApplicationContext: initialization completed in 1215 ms
[30m2022-11-24 09:35:43,350[0;39m INFO [restartedMain]: HikariPool-1 - Starting...
[30m2022-11-24 09:35:43,609[0;39m INFO [restartedMain]: HikariPool-1 - Start completed.
[30m2022-11-24 09:35:44,124[0;39m INFO [restartedMain]: 

Using generated security password: 513a7dcd-b622-48fd-bc7d-8eaf9bbcf353

[30m2022-11-24 09:35:44,150[0;39m INFO [restartedMain]: Will secure Not [Or [Ant [pattern='/v1/candidates/**', POST], Ant [pattern='/v1/candidates/**', PUT], Ant [pattern='/v1/candidates/**', DELETE], Ant [pattern='/v1/election/**', POST], Ant [pattern='/v1/election/**', DELETE]]] with []
[30m2022-11-24 09:35:44,163[0;39m INFO [restartedMain]: Will secure any request with [org.springframework.security.web.context.request.async.WebAsyncManagerIntegrationFilter@67d90b84, org.springframework.security.web.context.SecurityContextPersistenceFilter@5369ed58, org.springframework.security.web.header.HeaderWriterFilter@4672fc1a, org.springframework.security.web.authentication.preauth.RequestHeaderAuthenticationFilter@64459ae5, org.springframework.security.web.savedrequest.RequestCacheAwareFilter@39ae3aff, org.springframework.security.web.servletapi.SecurityContextHolderAwareRequestFilter@1f3a59cd, org.springframework.security.web.authentication.AnonymousAuthenticationFilter@6490ebd3, org.springframework.security.web.session.SessionManagementFilter@1c534ee3, org.springframework.security.web.access.ExceptionTranslationFilter@2fe03ff, org.springframework.security.web.access.intercept.FilterSecurityInterceptor@43429d12]
[30m2022-11-24 09:35:44,168[0;39m INFO [restartedMain]: Will secure any request with [org.springframework.security.web.context.request.async.WebAsyncManagerIntegrationFilter@5874bf69, org.springframework.security.web.context.SecurityContextPersistenceFilter@17410a24, org.springframework.security.web.header.HeaderWriterFilter@2cb88b58, org.springframework.security.web.csrf.CsrfFilter@37362d3d, org.springframework.security.web.authentication.logout.LogoutFilter@4e0ebf0a, org.springframework.security.web.savedrequest.RequestCacheAwareFilter@7fa326f6, org.springframework.security.web.servletapi.SecurityContextHolderAwareRequestFilter@17a99011, org.springframework.security.web.authentication.AnonymousAuthenticationFilter@79c2efd1, org.springframework.security.web.session.SessionManagementFilter@119882ef, org.springframework.security.web.access.ExceptionTranslationFilter@3eaad41e]
[30m2022-11-24 09:35:44,250[0;39m INFO [restartedMain]: Initializing ExecutorService 'applicationTaskExecutor'
[30m2022-11-24 09:35:44,364[0;39m INFO [restartedMain]: Adding welcome page template: index
[30m2022-11-24 09:35:44,604[0;39m INFO [restartedMain]: Flyway Community Edition 7.1.1 by Redgate
[30m2022-11-24 09:35:44,633[0;39m INFO [restartedMain]: Database: jdbc:postgresql://localhost:5432/othapp (PostgreSQL 15.0)
[30m2022-11-24 09:35:44,646[0;39m WARN [restartedMain]: Flyway upgrade recommended: org.flywaydb.core.internal.database.postgresql.PostgreSQLDatabaseType@3a9b52b4 15.0 is newer than this version of Flyway and support has not been tested. The latest supported version of org.flywaydb.core.internal.database.postgresql.PostgreSQLDatabaseType@3a9b52b4 is 13.
[30m2022-11-24 09:35:44,777[0;39m INFO [restartedMain]: Successfully validated 10 migrations (execution time 00:00.067s)
[30m2022-11-24 09:35:44,788[0;39m INFO [restartedMain]: Current version of schema "public": 20210514.1
[30m2022-11-24 09:35:44,791[0;39m INFO [restartedMain]: Schema "public" is up to date. No migration necessary.
[30m2022-11-24 09:35:44,858[0;39m INFO [restartedMain]: Initializing ExecutorService 'taskScheduler'
[30m2022-11-24 09:35:44,864[0;39m INFO [restartedMain]: LiveReload server is running on port 35729
[30m2022-11-24 09:35:44,867[0;39m INFO [restartedMain]: Exposing 4 endpoint(s) beneath base path '/actuator'
[30m2022-11-24 09:35:44,946[0;39m INFO [restartedMain]: Starting ProtocolHandler ["http-nio-8080"]
[30m2022-11-24 09:35:44,964[0;39m INFO [restartedMain]: Tomcat started on port(s): 8080 (http) with context path ''
[30m2022-11-24 09:35:44,976[0;39m INFO [restartedMain]: Started OthAppServerApplication.App in 3.615 seconds (JVM running for 3.915)
[30m2022-11-24 09:35:51,516[0;39m INFO [SpringContextShutdownHook]: Shutting down ExecutorService 'taskScheduler'
[30m2022-11-24 09:35:51,518[0;39m INFO [SpringContextShutdownHook]: Shutting down ExecutorService 'applicationTaskExecutor'
[30m2022-11-24 09:35:51,520[0;39m INFO [SpringContextShutdownHook]: HikariPool-1 - Shutdown initiated...
[30m2022-11-24 09:35:51,524[0;39m INFO [SpringContextShutdownHook]: HikariPool-1 - Shutdown completed.
