[30m2022-10-26 11:05:47,958[0;39m INFO [background-preinit]: HV000001: Hibernate Validator 6.1.6.Final
[30m2022-10-26 11:05:47,960[0;39m INFO [restartedMain]: Starting OthAppServerApplication.App using Java 11.0.16 on ken-MacBook-Pro.local with PID 61166 (/Users/ken/Documents/oth-app-server-master/build/classes/kotlin/main started by ken in /Users/ken/.gradle/daemon/6.7)
[30m2022-10-26 11:05:47,961[0;39m INFO [restartedMain]: No active profile set, falling back to default profiles: default
[30m2022-10-26 11:05:47,988[0;39m INFO [restartedMain]: Devtools property defaults active! Set 'spring.devtools.add-properties' to 'false' to disable
[30m2022-10-26 11:05:47,988[0;39m INFO [restartedMain]: For additional web related logging consider setting the 'logging.level.web' property to 'DEBUG'
[30m2022-10-26 11:05:48,925[0;39m INFO [restartedMain]: Tomcat initialized with port(s): 8080 (http)
[30m2022-10-26 11:05:49,008[0;39m INFO [restartedMain]: Initializing ProtocolHandler ["http-nio-8080"]
[30m2022-10-26 11:05:49,013[0;39m INFO [restartedMain]: Starting service [Tomcat]
[30m2022-10-26 11:05:49,014[0;39m INFO [restartedMain]: Starting Servlet engine: [Apache Tomcat/9.0.41]
[30m2022-10-26 11:05:49,052[0;39m INFO [restartedMain]: Initializing Spring embedded WebApplicationContext
[30m2022-10-26 11:05:49,052[0;39m INFO [restartedMain]: Root WebApplicationContext: initialization completed in 1064 ms
[30m2022-10-26 11:05:49,436[0;39m INFO [restartedMain]: HikariPool-1 - Starting...
[30m2022-10-26 11:05:49,789[0;39m INFO [restartedMain]: HikariPool-1 - Start completed.
[30m2022-10-26 11:05:50,549[0;39m INFO [restartedMain]: 

Using generated security password: fb623872-712b-4a2d-833f-6ff37cb0712b

[30m2022-10-26 11:05:50,581[0;39m INFO [restartedMain]: Will secure Not [Or [Ant [pattern='/v1/candidates/**', POST], Ant [pattern='/v1/candidates/**', PUT], Ant [pattern='/v1/candidates/**', DELETE], Ant [pattern='/v1/election/**', POST], Ant [pattern='/v1/election/**', DELETE]]] with []
[30m2022-10-26 11:05:50,593[0;39m INFO [restartedMain]: Will secure any request with [org.springframework.security.web.context.request.async.WebAsyncManagerIntegrationFilter@c49da25, org.springframework.security.web.context.SecurityContextPersistenceFilter@53cee0d9, org.springframework.security.web.header.HeaderWriterFilter@65920299, org.springframework.security.web.authentication.preauth.RequestHeaderAuthenticationFilter@470c0d53, org.springframework.security.web.savedrequest.RequestCacheAwareFilter@2021294e, org.springframework.security.web.servletapi.SecurityContextHolderAwareRequestFilter@363cd285, org.springframework.security.web.authentication.AnonymousAuthenticationFilter@c403caf, org.springframework.security.web.session.SessionManagementFilter@39c356f8, org.springframework.security.web.access.ExceptionTranslationFilter@5346b05b, org.springframework.security.web.access.intercept.FilterSecurityInterceptor@25c9efbc]
[30m2022-10-26 11:05:50,598[0;39m INFO [restartedMain]: Will secure any request with [org.springframework.security.web.context.request.async.WebAsyncManagerIntegrationFilter@2ba7a7c5, org.springframework.security.web.context.SecurityContextPersistenceFilter@8a6c509, org.springframework.security.web.header.HeaderWriterFilter@2a43e71a, org.springframework.security.web.csrf.CsrfFilter@b0337a5, org.springframework.security.web.authentication.logout.LogoutFilter@7f154dcd, org.springframework.security.web.savedrequest.RequestCacheAwareFilter@7769b42, org.springframework.security.web.servletapi.SecurityContextHolderAwareRequestFilter@32b8c781, org.springframework.security.web.authentication.AnonymousAuthenticationFilter@cd25146, org.springframework.security.web.session.SessionManagementFilter@1a0a67f2, org.springframework.security.web.access.ExceptionTranslationFilter@609df85f]
[30m2022-10-26 11:05:50,666[0;39m INFO [restartedMain]: Initializing ExecutorService 'applicationTaskExecutor'
[30m2022-10-26 11:05:50,773[0;39m INFO [restartedMain]: Adding welcome page template: index
[30m2022-10-26 11:05:51,036[0;39m INFO [restartedMain]: Flyway Community Edition 7.1.1 by Redgate
[30m2022-10-26 11:05:51,129[0;39m INFO [restartedMain]: Database: jdbc:postgresql://localhost:5432/othapp (PostgreSQL 15.0)
[30m2022-10-26 11:05:51,143[0;39m WARN [restartedMain]: Flyway upgrade recommended: org.flywaydb.core.internal.database.postgresql.PostgreSQLDatabaseType@2662f8b3 15.0 is newer than this version of Flyway and support has not been tested. The latest supported version of org.flywaydb.core.internal.database.postgresql.PostgreSQLDatabaseType@2662f8b3 is 13.
[30m2022-10-26 11:05:51,344[0;39m INFO [restartedMain]: Successfully validated 10 migrations (execution time 00:00.078s)
[30m2022-10-26 11:05:51,357[0;39m INFO [restartedMain]: Current version of schema "public": 20210514.1
[30m2022-10-26 11:05:51,359[0;39m INFO [restartedMain]: Schema "public" is up to date. No migration necessary.
[30m2022-10-26 11:05:51,418[0;39m INFO [restartedMain]: Initializing ExecutorService 'taskScheduler'
[30m2022-10-26 11:05:51,424[0;39m INFO [restartedMain]: LiveReload server is running on port 35729
[30m2022-10-26 11:05:51,427[0;39m INFO [restartedMain]: Exposing 4 endpoint(s) beneath base path '/actuator'
[30m2022-10-26 11:05:51,488[0;39m INFO [restartedMain]: Starting ProtocolHandler ["http-nio-8080"]
[30m2022-10-26 11:05:51,506[0;39m INFO [restartedMain]: Tomcat started on port(s): 8080 (http) with context path ''
[30m2022-10-26 11:05:51,517[0;39m INFO [restartedMain]: Started OthAppServerApplication.App in 3.784 seconds (JVM running for 4.01)
[30m2022-10-26 11:06:03,420[0;39m INFO [http-nio-8080-exec-1]: Initializing Spring DispatcherServlet 'dispatcherServlet'
[30m2022-10-26 11:06:03,420[0;39m INFO [http-nio-8080-exec-1]: Initializing Servlet 'dispatcherServlet'
[30m2022-10-26 11:06:03,423[0;39m INFO [http-nio-8080-exec-1]: Completed initialization in 3 ms
[30m2022-10-26 11:12:20,910[0;39m INFO [SpringContextShutdownHook]: Shutting down ExecutorService 'taskScheduler'
[30m2022-10-26 11:12:20,912[0;39m INFO [SpringContextShutdownHook]: Shutting down ExecutorService 'applicationTaskExecutor'
[30m2022-10-26 11:12:20,915[0;39m INFO [SpringContextShutdownHook]: HikariPool-1 - Shutdown initiated...
[30m2022-10-26 11:12:20,918[0;39m INFO [SpringContextShutdownHook]: HikariPool-1 - Shutdown completed.
